[    0.000000] Linux version 4.15.0-213-generic (buildd@lcy02-amd64-079) (gcc version 7.5.0 (Ubuntu 7.5.0-3ubuntu1~18.04)) #224-Ubuntu SMP Mon Jun 19 13:30:12 UTC 2023 (Ubuntu 4.15.0-213.224-generic 4.15.18)
[    0.000000] Command line: BOOT_IMAGE=/boot/vmlinuz-4.15.0-213-generic root=UUID=f685bb41-0e3b-40c4-89c1-eea0f0583525 ro console=tty1 console=ttyS0
[    0.000000] KERNEL supported cpus:
[    0.000000]   Intel GenuineIntel
[    0.000000]   AMD AuthenticAMD
[    0.000000]   Centaur CentaurHauls
[    0.000000] x86/fpu: Supporting XSAVE feature 0x001: 'x87 floating point registers'
[    0.000000] x86/fpu: Supporting XSAVE feature 0x002: 'SSE registers'
[    0.000000] x86/fpu: Supporting XSAVE feature 0x004: 'AVX registers'
[    0.000000] x86/fpu: xstate_offset[2]:  576, xstate_sizes[2]:  256
[    0.000000] x86/fpu: Enabled xstate features 0x7, context size is 832 bytes, using 'standard' format.
[    0.000000] e820: BIOS-provided physical RAM map:
[    0.000000] BIOS-e820: [mem 0x0000000000000000-0x000000000009fbff] usable
[    0.000000] BIOS-e820: [mem 0x000000000009fc00-0x000000000009ffff] reserved
[    0.000000] BIOS-e820: [mem 0x00000000000f0000-0x00000000000fffff] reserved
[    0.000000] BIOS-e820: [mem 0x0000000000100000-0x000000003ffeffff] usable
[    0.000000] BIOS-e820: [mem 0x000000003fff0000-0x000000003fffffff] ACPI data
[    0.000000] BIOS-e820: [mem 0x00000000fec00000-0x00000000fec00fff] reserved
[    0.000000] BIOS-e820: [mem 0x00000000fee00000-0x00000000fee00fff] reserved
[    0.000000] BIOS-e820: [mem 0x00000000fffc0000-0x00000000ffffffff] reserved
[    0.000000] NX (Execute Disable) protection: active
[    0.000000] SMBIOS 2.5 present.
[    0.000000] DMI: innotek GmbH VirtualBox/VirtualBox, BIOS VirtualBox 12/01/2006
[    0.000000] Hypervisor detected: KVM
[    0.000000] e820: last_pfn = 0x3fff0 max_arch_pfn = 0x400000000
[    0.000000] MTRR: Disabled
[    0.000000] x86/PAT: MTRRs disabled, skipping PAT initialization too.
[    0.000000] CPU MTRRs all blank - virtualized system.
[    0.000000] x86/PAT: Configuration [0-7]: WB  WT  UC- UC  WB  WT  UC- UC  
[    0.000000] found SMP MP-table at [mem 0x0009fff0-0x0009ffff]
[    0.000000] Scanning 1 areas for low memory corruption
[    0.000000] RAMDISK: [mem 0x3580d000-0x36bfdfff]
[    0.000000] ACPI: Early table checksum verification disabled
[    0.000000] ACPI: RSDP 0x00000000000E0000 000024 (v02 VBOX  )
[    0.000000] ACPI: XSDT 0x000000003FFF0030 00003C (v01 VBOX   VBOXXSDT 00000001 ASL  00000061)
[    0.000000] ACPI: FACP 0x000000003FFF00F0 0000F4 (v04 VBOX   VBOXFACP 00000001 ASL  00000061)
[    0.000000] ACPI: DSDT 0x000000003FFF0610 002353 (v02 VBOX   VBOXBIOS 00000002 INTL 20210930)
[    0.000000] ACPI: FACS 0x000000003FFF0200 000040
[    0.000000] ACPI: FACS 0x000000003FFF0200 000040
[    0.000000] ACPI: APIC 0x000000003FFF0240 00005C (v02 VBOX   VBOXAPIC 00000001 ASL  00000061)
[    0.000000] ACPI: SSDT 0x000000003FFF02A0 00036C (v01 VBOX   VBOXCPUT 00000002 INTL 20210930)
[    0.000000] ACPI: Reserving FACP table memory at [mem 0x3fff00f0-0x3fff01e3]
[    0.000000] ACPI: Reserving DSDT table memory at [mem 0x3fff0610-0x3fff2962]
[    0.000000] ACPI: Reserving FACS table memory at [mem 0x3fff0200-0x3fff023f]
[    0.000000] ACPI: Reserving FACS table memory at [mem 0x3fff0200-0x3fff023f]
[    0.000000] ACPI: Reserving APIC table memory at [mem 0x3fff0240-0x3fff029b]
[    0.000000] ACPI: Reserving SSDT table memory at [mem 0x3fff02a0-0x3fff060b]
[    0.000000] No NUMA configuration found
[    0.000000] Faking a node at [mem 0x0000000000000000-0x000000003ffeffff]
[    0.000000] NODE_DATA(0) allocated [mem 0x3ffc5000-0x3ffeffff]
[    0.000000] kvm-clock: cpu 0, msr 0:3ff44001, primary cpu clock
[    0.000000] kvm-clock: Using msrs 4b564d01 and 4b564d00
[    0.000000] kvm-clock: using sched offset of 3750241969 cycles
[    0.000000] clocksource: kvm-clock: mask: 0xffffffffffffffff max_cycles: 0x1cd42e4dffb, max_idle_ns: 881590591483 ns
[    0.000000] Zone ranges:
[    0.000000]   DMA      [mem 0x0000000000001000-0x0000000000ffffff]
[    0.000000]   DMA32    [mem 0x0000000001000000-0x000000003ffeffff]
[    0.000000]   Normal   empty
[    0.000000]   Device   empty
[    0.000000] Movable zone start for each node
[    0.000000] Early memory node ranges
[    0.000000]   node   0: [mem 0x0000000000001000-0x000000000009efff]
[    0.000000]   node   0: [mem 0x0000000000100000-0x000000003ffeffff]
[    0.000000] Reserved but unavailable: 104 pages
[    0.000000] Initmem setup node 0 [mem 0x0000000000001000-0x000000003ffeffff]
[    0.000000] ACPI: PM-Timer IO Port: 0x4008
[    0.000000] IOAPIC[0]: apic_id 2, version 32, address 0xfec00000, GSI 0-23
[    0.000000] ACPI: INT_SRC_OVR (bus 0 bus_irq 0 global_irq 2 dfl dfl)
[    0.000000] ACPI: INT_SRC_OVR (bus 0 bus_irq 9 global_irq 9 low level)
[    0.000000] Using ACPI (MADT) for SMP configuration information
[    0.000000] smpboot: Allowing 2 CPUs, 0 hotplug CPUs
[    0.000000] PM: Registered nosave memory: [mem 0x00000000-0x00000fff]
[    0.000000] PM: Registered nosave memory: [mem 0x0009f000-0x0009ffff]
[    0.000000] PM: Registered nosave memory: [mem 0x000a0000-0x000effff]
[    0.000000] PM: Registered nosave memory: [mem 0x000f0000-0x000fffff]
[    0.000000] e820: [mem 0x40000000-0xfebfffff] available for PCI devices
[    0.000000] Booting paravirtualized kernel on KVM
[    0.000000] clocksource: refined-jiffies: mask: 0xffffffff max_cycles: 0xffffffff, max_idle_ns: 7645519600211568 ns
[    0.000000] setup_percpu: NR_CPUS:8192 nr_cpumask_bits:2 nr_cpu_ids:2 nr_node_ids:1
[    0.000000] percpu: Embedded 50 pages/cpu s167936 r8192 d28672 u1048576
[    0.000000] PV qspinlock hash table entries: 256 (order: 0, 4096 bytes)
[    0.000000] Built 1 zonelists, mobility grouping on.  Total pages: 257913
[    0.000000] Policy zone: DMA32
[    0.000000] Kernel command line: BOOT_IMAGE=/boot/vmlinuz-4.15.0-213-generic root=UUID=f685bb41-0e3b-40c4-89c1-eea0f0583525 ro console=tty1 console=ttyS0
[    0.000000] Memory: 981752K/1048120K available (12300K kernel code, 2477K rwdata, 4324K rodata, 2480K init, 2720K bss, 66368K reserved, 0K cma-reserved)
[    0.000000] SLUB: HWalign=64, Order=0-3, MinObjects=0, CPUs=2, Nodes=1
[    0.000000] Kernel/User page tables isolation: enabled
[    0.000000] ftrace: allocating 39508 entries in 155 pages
[    0.004000] Hierarchical RCU implementation.
[    0.004000] 	RCU restricting CPUs from NR_CPUS=8192 to nr_cpu_ids=2.
[    0.004000] 	Tasks RCU enabled.
[    0.004000] RCU: Adjusting geometry for rcu_fanout_leaf=16, nr_cpu_ids=2
[    0.004000] NR_IRQS: 524544, nr_irqs: 440, preallocated irqs: 16
[    0.004000] random: crng init done
[    0.004000] Console: colour VGA+ 80x25
[    0.004000] console [tty1] enabled
[    0.004000] console [ttyS0] enabled
[    0.004000] ACPI: Core revision 20170831
[    0.004000] ACPI: 2 ACPI AML tables successfully acquired and loaded
[    0.004000] APIC: Switch to symmetric I/O mode setup
[    0.004324] x2apic enabled
[    0.007674] Switched APIC routing to physical x2apic.
[    0.012000] ..TIMER: vector=0x30 apic1=0 pin1=2 apic2=-1 pin2=-1
[    0.012003] tsc: Detected 2316.428 MHz processor
[    0.014772] Calibrating delay loop (skipped) preset value.. 4632.85 BogoMIPS (lpj=9265712)
[    0.016004] pid_max: default: 32768 minimum: 301
[    0.020045] Security Framework initialized
[    0.022504] Yama: becoming mindful.
[    0.024043] AppArmor: AppArmor initialized
[    0.028356] Dentry cache hash table entries: 131072 (order: 8, 1048576 bytes)
[    0.032769] Inode-cache hash table entries: 65536 (order: 7, 524288 bytes)
[    0.036035] Mount-cache hash table entries: 2048 (order: 2, 16384 bytes)
[    0.040027] Mountpoint-cache hash table entries: 2048 (order: 2, 16384 bytes)
[    0.045336] Last level iTLB entries: 4KB 0, 2MB 0, 4MB 0
[    0.048004] Last level dTLB entries: 4KB 0, 2MB 0, 4MB 0, 1GB 0
[    0.052018] Spectre V1 : Mitigation: usercopy/swapgs barriers and __user pointer sanitization
[    0.056003] Spectre V2 : Mitigation: Retpolines
[    0.060002] Spectre V2 : Spectre v2 / SpectreRSB mitigation: Filling RSB on context switch
[    0.064002] Spectre V2 : Spectre v2 / SpectreRSB : Filling RSB on VMEXIT
[    0.068002] RETBleed: WARNING: Spectre v2 mitigation leaves CPU vulnerable to RETBleed attacks, data leaks possible!
[    0.072002] RETBleed: Vulnerable
[    0.076003] Speculative Store Bypass: Vulnerable
[    0.078959] MDS: Mitigation: Clear CPU buffers
[    0.080002] MMIO Stale Data: Mitigation: Clear CPU buffers
[    0.084042] SRBDS: Unknown: Dependent on hypervisor status
[    0.088181] Freeing SMP alternatives memory: 36K
[    0.205793] smpboot: CPU0: Intel(R) Core(TM) i7-1068NG7 CPU @ 2.30GHz (family: 0x6, model: 0x7e, stepping: 0x5)
[    0.208237] Performance Events: unsupported p6 CPU model 126 no PMU driver, software events only.
[    0.216074] Hierarchical SRCU implementation.
[    0.219420] NMI watchdog: Perf event create on CPU 0 failed with -2
[    0.220005] NMI watchdog: Perf NMI watchdog permanently disabled
[    0.224178] smp: Bringing up secondary CPUs ...
[    0.227196] x86: Booting SMP configuration:
[    0.228003] .... node  #0, CPUs:      #1
[    0.004000] kvm-clock: cpu 1, msr 0:3ff44041, secondary cpu clock
[    0.232047] smp: Brought up 1 node, 2 CPUs
[    0.236005] smpboot: Max logical packages: 1
[    0.238482] smpboot: Total of 2 processors activated (9265.71 BogoMIPS)
[    0.240238] devtmpfs: initialized
[    0.244074] x86/mm: Memory block size: 128MB
[    0.248219] evm: security.selinux
[    0.250378] evm: security.SMACK64
[    0.252002] evm: security.SMACK64EXEC
[    0.254436] evm: security.SMACK64TRANSMUTE
[    0.256002] evm: security.SMACK64MMAP
[    0.258319] evm: security.apparmor
[    0.260002] evm: security.ima
[    0.262007] evm: security.capability
[    0.264176] clocksource: jiffies: mask: 0xffffffff max_cycles: 0xffffffff, max_idle_ns: 7645041785100000 ns
[    0.268031] futex hash table entries: 512 (order: 3, 32768 bytes)
[    0.272113] pinctrl core: initialized pinctrl subsystem
[    0.276364] RTC time:  7:15:37, date: 12/22/23
[    0.280375] NET: Registered protocol family 16
[    0.284089] audit: initializing netlink subsys (disabled)
[    0.288081] audit: type=2000 audit(1703229342.733:1): state=initialized audit_enabled=0 res=1
[    0.292015] cpuidle: using governor ladder
[    0.296019] cpuidle: using governor menu
[    0.298444] ACPI: bus type PCI registered
[    0.300004] acpiphp: ACPI Hot Plug PCI Controller Driver version: 0.5
[    0.304394] PCI: Using configuration type 1 for base access
[    0.309158] HugeTLB registered 2.00 MiB page size, pre-allocated 0 pages
[    0.316148] ACPI: Added _OSI(Module Device)
[    0.318781] ACPI: Added _OSI(Processor Device)
[    0.320007] ACPI: Added _OSI(3.0 _SCP Extensions)
[    0.324008] ACPI: Added _OSI(Processor Aggregator Device)
[    0.328048] ACPI: Added _OSI(Linux-Dell-Video)
[    0.330674] ACPI: Added _OSI(Linux-Lenovo-NV-HDMI-Audio)
[    0.332004] ACPI: Added _OSI(Linux-HPI-Hybrid-Graphics)
[    0.336729] ACPI: Executed 1 blocks of module-level executable AML code
[    0.347220] ACPI: Interpreter enabled
[    0.348019] ACPI: (supports S0 S5)
[    0.352004] ACPI: Using IOAPIC for interrupt routing
[    0.355391] PCI: Using host bridge windows from ACPI; if necessary, use "pci=nocrs" and report a bug
[    0.356230] ACPI: Enabled 2 GPEs in block 00 to 07
[    0.370401] ACPI: PCI Root Bridge [PCI0] (domain 0000 [bus 00-ff])
[    0.372011] acpi PNP0A03:00: _OSC: OS supports [ASPM ClockPM Segments MSI]
[    0.380642] acpi PNP0A03:00: _OSC: not requesting OS control; OS requires [ExtendedConfig ASPM ClockPM MSI]
[    0.384020] acpi PNP0A03:00: fail to add MMCONFIG information, can't access extended PCI configuration space under this bridge.
[    0.388684] PCI host bridge to bus 0000:00
[    0.392005] pci_bus 0000:00: root bus resource [io  0x0000-0x0cf7 window]
[    0.396003] pci_bus 0000:00: root bus resource [io  0x0d00-0xffff window]
[    0.400003] pci_bus 0000:00: root bus resource [mem 0x000a0000-0x000bffff window]
[    0.404005] pci_bus 0000:00: root bus resource [mem 0x40000000-0xfdffffff window]
[    0.408005] pci_bus 0000:00: root bus resource [bus 00-ff]
[    0.419355] pci 0000:00:01.1: legacy IDE quirk: reg 0x10: [io  0x01f0-0x01f7]
[    0.420004] pci 0000:00:01.1: legacy IDE quirk: reg 0x14: [io  0x03f6]
[    0.424003] pci 0000:00:01.1: legacy IDE quirk: reg 0x18: [io  0x0170-0x0177]
[    0.428003] pci 0000:00:01.1: legacy IDE quirk: reg 0x1c: [io  0x0376]
[    0.498439] pci 0000:00:07.0: quirk: [io  0x4000-0x403f] claimed by PIIX4 ACPI
[    0.500042] pci 0000:00:07.0: quirk: [io  0x4100-0x410f] claimed by PIIX4 SMB
[    0.517085] ACPI: PCI Interrupt Link [LNKA] (IRQs 5 9 10 *11)
[    0.520486] ACPI: PCI Interrupt Link [LNKB] (IRQs 5 9 *10 11)
[    0.524068] ACPI: PCI Interrupt Link [LNKC] (IRQs 5 *9 10 11)
[    0.527486] ACPI: PCI Interrupt Link [LNKD] (IRQs 5 9 10 *11)
[    0.528472] SCSI subsystem initialized
[    0.532092] pci 0000:00:02.0: vgaarb: setting as boot VGA device
[    0.535412] pci 0000:00:02.0: vgaarb: VGA device added: decodes=io+mem,owns=io+mem,locks=none
[    0.540006] pci 0000:00:02.0: vgaarb: bridge control possible
[    0.543248] vgaarb: loaded
[    0.544046] ACPI: bus type USB registered
[    0.546430] usbcore: registered new interface driver usbfs
[    0.548028] usbcore: registered new interface driver hub
[    0.552010] usbcore: registered new device driver usb
[    0.556108] EDAC MC: Ver: 3.0.0
[    0.558677] PCI: Using ACPI for IRQ routing
[    0.560822] NetLabel: Initializing
[    0.564003] NetLabel:  domain hash size = 128
[    0.566701] NetLabel:  protocols = UNLABELED CIPSOv4 CALIPSO
[    0.568021] NetLabel:  unlabeled traffic allowed by default
[    0.572132] clocksource: Switched to clocksource kvm-clock
[    0.595199] VFS: Disk quotas dquot_6.6.0
[    0.597616] VFS: Dquot-cache hash table entries: 512 (order 0, 4096 bytes)
[    0.601739] AppArmor: AppArmor Filesystem Enabled
[    0.604563] pnp: PnP ACPI init
[    0.608136] pnp: PnP ACPI: found 3 devices
[    0.626686] clocksource: acpi_pm: mask: 0xffffff max_cycles: 0xffffff, max_idle_ns: 2085701024 ns
[    0.632540] NET: Registered protocol family 2
[    0.635444] IP idents hash table entries: 16384 (order: 5, 131072 bytes)
[    0.640199] TCP established hash table entries: 8192 (order: 4, 65536 bytes)
[    0.644029] TCP bind hash table entries: 8192 (order: 5, 131072 bytes)
[    0.648859] TCP: Hash tables configured (established 8192 bind 8192)
[    0.652898] UDP hash table entries: 512 (order: 2, 16384 bytes)
[    0.656544] UDP-Lite hash table entries: 512 (order: 2, 16384 bytes)
[    0.660740] NET: Registered protocol family 1
[    0.663831] pci 0000:00:00.0: Limiting direct PCI/PCI transfers
[    0.667523] pci 0000:00:01.0: Activating ISA DMA hang workarounds
[    0.671105] pci 0000:00:02.0: Video device with shadowed ROM at [mem 0x000c0000-0x000dffff]
[    0.676421] Unpacking initramfs...
[    1.063999] Freeing initrd memory: 20420K
[    1.068972] clocksource: tsc: mask: 0xffffffffffffffff max_cycles: 0x2163d3f73d2, max_idle_ns: 440795214447 ns
[    1.075486] platform rtc_cmos: registered platform RTC device (no PNP device found)
[    1.080086] Scanning for low memory corruption every 60 seconds
[    1.084490] Initialise system trusted keyrings
[    1.087227] Key type blacklist registered
[    1.089962] workingset: timestamp_bits=36 max_order=18 bucket_order=0
[    1.095142] zbud: loaded
[    1.097509] squashfs: version 4.0 (2009/01/31) Phillip Lougher
[    1.101287] fuse init (API version 7.26)
[    1.112669] Key type asymmetric registered
[    1.115086] Asymmetric key parser 'x509' registered
[    1.117964] Block layer SCSI generic (bsg) driver version 0.4 loaded (major 246)
[    1.122434] io scheduler noop registered
[    1.124822] io scheduler deadline registered
[    1.127340] io scheduler cfq registered (default)
[    1.130810] ACPI: AC Adapter [AC] (off-line)
[    1.133428] input: Power Button as /devices/LNXSYSTM:00/LNXPWRBN:00/input/input0
[    1.137852] ACPI: Power Button [PWRF]
[    1.140335] input: Sleep Button as /devices/LNXSYSTM:00/LNXSLPBN:00/input/input1
[    1.145662] ACPI: Sleep Button [SLPF]
[    1.149808] ACPI: Battery Slot [BAT0] (battery present)
[    1.153395] Serial: 8250/16550 driver, 32 ports, IRQ sharing enabled
[    1.184381] 00:02: ttyS0 at I/O 0x3f8 (irq = 4, base_baud = 115200) is a 16550A
[    1.193683] Linux agpgart interface v0.103
[    1.198413] loop: module loaded
[    1.201653] scsi host0: ata_piix
[    1.203885] scsi host1: ata_piix
[    1.205914] ata1: PATA max UDMA/33 cmd 0x1f0 ctl 0x3f6 bmdma 0xd000 irq 14
[    1.209949] ata2: PATA max UDMA/33 cmd 0x170 ctl 0x376 bmdma 0xd008 irq 15
[    1.214071] tun: Universal TUN/TAP device driver, 1.6
[    1.217653] PPP generic driver version 2.4.2
[    1.220346] ehci_hcd: USB 2.0 'Enhanced' Host Controller (EHCI) Driver
[    1.224230] ehci-pci: EHCI PCI platform driver
[    1.227029] ehci-platform: EHCI generic platform driver
[    1.230120] ohci_hcd: USB 1.1 'Open' Host Controller (OHCI) Driver
[    1.233664] ohci-pci: OHCI PCI platform driver
[    1.236658] ohci-platform: OHCI generic platform driver
[    1.240132] uhci_hcd: USB Universal Host Controller Interface driver
[    1.244113] i8042: PNP: PS/2 Controller [PNP0303:PS2K,PNP0f03:PS2M] at 0x60,0x64 irq 1,12
[    1.251030] serio: i8042 KBD port at 0x60,0x64 irq 1
[    1.253963] serio: i8042 AUX port at 0x60,0x64 irq 12
[    1.257918] mousedev: PS/2 mouse device common for all mice
[    1.263462] input: AT Translated Set 2 keyboard as /devices/platform/i8042/serio0/input/input2
[    1.268687] rtc_cmos rtc_cmos: rtc core: registered rtc_cmos as rtc0
[    1.272860] rtc_cmos rtc_cmos: alarms up to one day, 114 bytes nvram
[    1.276588] i2c /dev entries driver
[    1.279150] device-mapper: uevent: version 1.0.3
[    1.282397] device-mapper: ioctl: 4.37.0-ioctl (2017-09-20) initialised: dm-devel@redhat.com
[    1.287647] ledtrig-cpu: registered to indicate activity on CPUs
[    1.292632] NET: Registered protocol family 10
[    1.300831] Segment Routing with IPv6
[    1.303358] NET: Registered protocol family 17
[    1.306704] Key type dns_resolver registered
[    1.309884] mce: Using 0 MCE banks
[    1.312427] RAS: Correctable Errors collector initialized.
[    1.313793] sched_clock: Marking stable (1309793547, 0)->(1814207997, -504414450)
[    1.321691] registered taskstats version 1
[    1.325605] Loading compiled-in X.509 certificates
[    1.334677] Loaded X.509 cert 'Build time autogenerated kernel key: cdc7189136aaa35407544516090e2034d9c28e14'
[    1.341230] Loaded X.509 cert 'Canonical Ltd. Live Patch Signing: 14df34d1a87cf37625abec039ef2bf521249b969'
[    1.347575] Loaded X.509 cert 'Canonical Ltd. Kernel Module Signing: 88f752e560a1e0737e31163a466ad7b70a850c19'
[    1.353828] blacklist: Loading compiled-in revocation X.509 certificates
[    1.358040] Loaded X.509 cert 'Canonical Ltd. Secure Boot Signing: 61482aa2830d0ab2ad5af10b7250da9033ddcef0'
[    1.364201] Loaded X.509 cert 'Canonical Ltd. Secure Boot Signing (2017): 242ade75ac4a15e50d50c84b0d45ff3eae707a03'
[    1.370533] Loaded X.509 cert 'Canonical Ltd. Secure Boot Signing (ESM 2018): 365188c1d374d6b07c3c8f240f8ef722433d6a8b'
[    1.389767] Loaded X.509 cert 'Canonical Ltd. Secure Boot Signing (2019): c0746fd6c5da3ae827864651ad66ae47fe24b3e8'
[    1.396894] Loaded X.509 cert 'Canonical Ltd. Secure Boot Signing (2021 v1): a8d54bbb3825cfb94fa13c9f8a594a195c107b8d'
[    1.404037] Loaded X.509 cert 'Canonical Ltd. Secure Boot Signing (2021 v2): 4cf046892d6fd3c9a5b03f98d845f90851dc6a8c'
[    1.412105] Loaded X.509 cert 'Canonical Ltd. Secure Boot Signing (2021 v3): 100437bb6de6e469b581e61cd66bce3ef4ed53af'
[    1.420222] Loaded X.509 cert 'Canonical Ltd. Secure Boot Signing (Ubuntu Core 2019): c1d57b8f6b743f23ee41f4f7ee292f06eecadfb9'
[    1.429559] zswap: loaded using pool lzo/zbud
[    1.445488] Key type big_key registered
[    1.448713] Key type trusted registered
[    1.454300] Key type encrypted registered
[    1.457594] AppArmor: AppArmor sha1 policy hashing enabled
[    1.461358] ima: No TPM chip found, activating TPM-bypass! (rc=-19)
[    1.465639] ima: Allocated hash algorithm: sha1
[    1.468649] evm: HMAC attrs: 0x1
[    1.472191]   Magic number: 3:152:269
[    1.475247] rtc_cmos rtc_cmos: setting system clock to 2023-12-22 07:15:38 UTC (1703229338)
[    1.481211] BIOS EDD facility v0.16 2004-Jun-25, 0 devices found
[    1.484889] EDD information not available.
[    1.490414] Freeing unused kernel image memory: 2480K
[    1.504245] Write protecting the kernel read-only data: 20480k
[    1.508499] Freeing unused kernel image memory: 2008K
[    1.512343] Freeing unused kernel image memory: 1820K
[    1.519670] x86/mm: Checked W+X mappings: passed, no W+X pages found.
[    1.523801] x86/mm: Checking user space page tables
[    1.531105] x86/mm: Checked W+X mappings: passed, no W+X pages found.
Loading, please wait...
starting version 237
[    1.609735] e1000: Intel(R) PRO/1000 Network Driver - version 7.3.21-k8-NAPI
[    1.614402] e1000: Copyright (c) 1999-2006 Intel Corporation.
[    1.625552] Fusion MPT base driver 3.04.20
[    1.628811] Copyright (c) 1999-2008 LSI Corporation
[    1.663466] AVX2 version of gcm_enc/dec engaged.
[    1.666976] AES CTR mode by8 optimization enabled
[    1.671303] Fusion MPT SPI Host driver 3.04.20
[    1.675076] vboxvideo: loading out-of-tree module taints kernel.
[    1.683110] vboxvideo: module verification failed: signature and/or required key missing - tainting kernel
[    1.691698] vboxvideo: loading version 7.0.12 r159484
[    1.851456] input: ImExPS/2 Generic Explorer Mouse as /devices/platform/i8042/serio1/input/input4
[    2.167774] e1000 0000:00:03.0 eth0: (PCI:33MHz:32-bit) 02:3b:7b:b7:3b:2d
[    2.172009] e1000 0000:00:03.0 eth0: Intel(R) PRO/1000 Network Connection
[    2.177607] mptbase: ioc0: Initiating bringup
[    2.296067] ioc0: LSI53C1030 A0: Capabilities={Initiator}
[    2.553142] scsi host2: ioc0: LSI53C1030 A0, FwRev=00000000h, Ports=1, MaxQ=256, IRQ=20
[    2.729982] scsi 2:0:0:0: Direct-Access     VBOX     HARDDISK         1.0  PQ: 0 ANSI: 5
[    2.741233] [drm] VRAM 01000000
[    2.745746] [TTM] Zone  kernel: Available graphics memory: 504258 kiB
[    2.752613] [TTM] Initializing pool allocator
[    2.756682] [TTM] Initializing DMA pool allocator
[    2.819149] fbcon: vboxdrmfb (fb0) is primary device
[    2.825242] Console: switching to colour frame buffer device 100x37
[    2.834672] vboxvideo 0000:00:02.0: fb0: vboxdrmfb frame buffer device
[    2.844852] scsi target2:0:0: Beginning Domain Validation
[    2.852190] [drm] Initialized vboxvideo 1.0.0 20130823 for 0000:00:02.0 on minor 0
[    2.858071] scsi target2:0:0: Domain Validation skipping write tests
[    2.862762] scsi target2:0:0: Ending Domain Validation
[    2.865884] scsi target2:0:0: asynchronous
[    2.870202] scsi 2:0:1:0: Direct-Access     VBOX     HARDDISK         1.0  PQ: 0 ANSI: 5
[    2.904284] scsi target2:0:1: Beginning Domain Validation
[    2.918372] scsi target2:0:1: Domain Validation skipping write tests
[    2.923354] scsi target2:0:1: Ending Domain Validation
[    2.926192] scsi target2:0:1: asynchronous
[    2.944163] sd 2:0:0:0: Attached scsi generic sg0 type 0
[    2.947686] sd 2:0:1:0: Attached scsi generic sg1 type 0
[    2.956957] sd 2:0:1:0: [sdb] 20480 512-byte logical blocks: (10.5 MB/10.0 MiB)
[    2.960962] sd 2:0:0:0: [sda] 83886080 512-byte logical blocks: (42.9 GB/40.0 GiB)
[    2.965820] sd 2:0:1:0: [sdb] Write Protect is off
[    2.968906] sd 2:0:0:0: [sda] Write Protect is off
[    2.971656] sd 2:0:1:0: [sdb] Incomplete mode parameter data
[    2.975207] sd 2:0:1:0: [sdb] Assuming drive cache: write through
[    2.985146] sd 2:0:0:0: [sda] Incomplete mode parameter data
[    2.988717] sd 2:0:0:0: [sda] Assuming drive cache: write through
[    3.002835] sd 2:0:1:0: [sdb] Attached SCSI disk
[    3.007515]  sda: sda1
[    3.010725] sd 2:0:0:0: [sda] Attached SCSI disk
[    3.411707] e1000 0000:00:08.0 eth1: (PCI:33MHz:32-bit) 08:00:27:cd:2c:fc
[    3.415551] e1000 0000:00:08.0 eth1: Intel(R) PRO/1000 Network Connection
[    3.419814] e1000 0000:00:03.0 enp0s3: renamed from eth0
[    3.511644] e1000 0000:00:08.0 enp0s8: renamed from eth1
Begin: Loading essential drivers ... [    3.684272] raid6: sse2x1   gen() 13430 MB/s
[    3.732258] raid6: sse2x1   xor()  8153 MB/s
[    3.780335] raid6: sse2x2   gen() 17088 MB/s
[    3.828074] raid6: sse2x2   xor() 11962 MB/s
[    3.876172] raid6: sse2x4   gen() 17429 MB/s
[    3.928063] raid6: sse2x4   xor() 10715 MB/s
[    3.976434] raid6: avx2x1   gen() 26599 MB/s
[    4.025047] raid6: avx2x1   xor() 16482 MB/s
[    4.076115] raid6: avx2x2   gen() 33325 MB/s
[    4.125260] raid6: avx2x2   xor() 22097 MB/s
[    4.176282] raid6: avx2x4   gen() 33115 MB/s
[    4.224520] raid6: avx2x4   xor() 20308 MB/s
[    4.227139] raid6: using algorithm avx2x2 gen() 33325 MB/s
[    4.230135] raid6: .... xor() 22097 MB/s, rmw enabled
[    4.232236] raid6: using avx2x2 recovery algorithm
[    4.236092] xor: automatically using best checksumming function   avx       
[    4.240610] async_tx: api initialized (async)
done.
Begin: Running /scripts/init-premount ... done.
Begin: Mounting root file system ... Begin: Running /scripts/local-top ... done.
Begin: Running /scripts/local-premount ... [    4.294307] Btrfs loaded, crc32c=crc32c-intel
Scanning for Btrfs filesystems
done.
Begin: Will now check root file system ... fsck from util-linux 2.31.1
[/sbin/fsck.ext4 (1) -- /dev/sda1] fsck.ext4 -a -C0 /dev/sda1 
cloudimg-rootfs: clean, 105627/5120000 files, 801723/10485499 blocks
done.
[    4.350834] EXT4-fs (sda1): mounted filesystem with ordered data mode. Opts: (null)
done.
Begin: Running /scripts/local-bottom ... done.
Begin: Running /scripts/init-bottom ... done.
[    4.632385] ip_tables: (C) 2000-2006 Netfilter Core Team
[    4.649238] systemd[1]: systemd 237 running in system mode. (+PAM +AUDIT +SELINUX +IMA +APPARMOR +SMACK +SYSVINIT +UTMP +LIBCRYPTSETUP +GCRYPT +GNUTLS +ACL +XZ +LZ4 +SECCOMP +BLKID +ELFUTILS +KMOD -IDN2 +IDN -PCRE2 default-hierarchy=hybrid)
[    4.660507] systemd[1]: Detected virtualization oracle.
[    4.663591] systemd[1]: Detected architecture x86-64.

Welcome to [1mUbuntu 18.04.6 LTS[0m!

[    4.685798] systemd[1]: Set hostname to <web01>.
[    5.034052] systemd[1]: Reached target User and Group Name Lookups.
[[0;32m  OK  [0m] Reached target User and Group Name Lookups.
[    5.039204] systemd[1]: Set up automount Arbitrary Executable File Formats File System Automount Point.
[[0;32m  OK  [0m] Set up automount Arbitrary Executab…rmats File System Automount Point.
[    5.046384] systemd[1]: Started Forward Password Requests to Wall Directory Watch.
[[0;32m  OK  [0m] Started Forward Password Requests to Wall Directory Watch.
[    5.052179] systemd[1]: Reached target Swap.
[[0;32m  OK  [0m] Reached target Swap.
[    5.061504] systemd[1]: Created slice System Slice.
[[0;32m  OK  [0m] Created slice System Slice.
[    5.065383] systemd[1]: Listening on Journal Socket.
[[0;32m  OK  [0m] Listening on Journal Socket.
         Mounting POSIX Message Queue File System...
[[0;32m  OK  [0m] Created slice system-serial\x2dgetty.slice.
[[0;32m  OK  [0m] Listening on udev Kernel Socket.
[[0;32m  OK  [0m] Listening on Syslog Socket.
[[0;32m  OK  [0m] Listening on fsck to fsckd communication Socket.
[[0;32m  OK  [0m] Listening on Network Service Netlink Socket.
         Starting Create list of required st…ce nodes for the current kernel...
[[0;32m  OK  [0m] Listening on udev Control Socket.
         Starting udev Coldplug all Devices...
[[0;32m  OK  [0m] Listening on LVM2 metadata daemon socket.
         Mounting Kernel Debug File System...
[[0;32m  OK  [0m] Listening on Journal Socket (/dev/log).
[[0;32m  OK  [0m] Listening on Device-mapper event daemon FIFOs.
         Starting Monitoring of LVM2 mirrors…ng dmeventd or progress polling...
         Starting Uncomplicated firewall...
         Mounting Huge Pages File System...
[[0;32m  OK  [0m] Created slice User and Session Slice.
[[0;32m  OK  [0m] Reached target Slices.
[[0;32m  OK  [0m] Reached target Mounting snaps.
[[0;32m  OK  [0m] Reached target Mounted snaps.
         Starting Remount Root and Kernel File Systems...
[[0;32m  OK  [0m] Listening on /dev/initctl Compatibility Named Pipe.
         Starting Load Kernel Modules...
[[0;32m  OK  [0m] Reached target System Time Synchronized.
         Starting Set the console keyboard layout...
[[0;32m  OK  [0m] Listening on Journal Audit Socket.
         Starting Journal Service...
[[0;32m  OK  [0m] Listening on LVM2 poll daemon socket.
[    5.177704] EXT4-fs (sda1): re-mounted. Opts: (null)
[[0;32m  OK  [0m] Mounted POSIX Message Queue File System.
[[0;32m  OK  [0m] Started Create list of required sta…vice nodes for the current kernel.
[[0;32m  OK  [0m] Mounted Kernel Debug File System.
[[0;32m  OK  [0m] Started Uncomplicated firewall.
[[0;32m  OK  [0m] Mounted Huge Pages File System.
[[0;32m  OK  [0m] Started Remount Root and Kernel File Systems.
[[0;32m  OK  [0m] Started LVM2 metadata daemon.
         Starting Load/Save Random Seed...
         Starting Create Static Device Nodes in /dev...
[[0;32m  OK  [0m] Started Journal Service.
[[0;32m  OK  [0m] Started udev Coldplug all Devices.
         Starting Flush Journal to Persistent Storage...
[    5.252641] Loading iSCSI transport class v2.0-870.
[    5.261087] iscsi: registered transport (tcp)
[[0;32m  OK  [0m] Started Load/Save Random Seed.
[    5.310793] systemd-journald[419]: Received request to flush runtime journal from PID 1
[[0;32m  OK  [0m] Started Monitoring of LVM2 mirrors,…sing dmeventd or progress polling.
[    5.340842] iscsi: registered transport (iser)
[[0;32m  OK  [0m] Started Load Kernel Modules.
         Mounting Kernel Configuration File System...
         Mounting FUSE Control File System...
         Starting Apply Kernel Variables...
[[0;32m  OK  [0m] Started Create Static Device Nodes in /dev.
[[0;32m  OK  [0m] Mounted Kernel Configuration File System.
[[0;32m  OK  [0m] Mounted FUSE Control File System.
         Starting udev Kernel Device Manager...
[[0;32m  OK  [0m] Started Apply Kernel Variables.
[[0;32m  OK  [0m] Started udev Kernel Device Manager.
[[0;32m  OK  [0m] Started Set the console keyboard layout.
[[0;32m  OK  [0m] Started Flush Journal to Persistent Storage.
[[0;32m  OK  [0m] Started Dispatch Password Requests to Console Directory Watch.
[[0;32m  OK  [0m] Reached target Local Encrypted Volumes.
[[0;32m  OK  [0m] Reached target Local File Systems (Pre).
[[0;32m  OK  [0m] Reached target Local File Systems.
         Starting Set console font and keymap...
         Starting Tell Plymouth To Write Out Runtime Data...
         Starting AppArmor initialization...
         Starting ebtables ruleset management...
         Starting Create Volatile Files and Directories...
[[0;32m  OK  [0m] Started Tell Plymouth To Write Out Runtime Data.
[[0;32m  OK  [0m] Started Set console font and keymap.
[[0;32m  OK  [0m] Started Create Volatile Files and Directories.
         Starting Update UTMP about System Boot/Shutdown...
[[0;32m  OK  [0m] Started Update UTMP about System Boot/Shutdown.
[[0;32m  OK  [0m] Started ebtables ruleset management.
[[0;32m  OK  [0m] Found device /dev/ttyS0.
[[0;32m  OK  [0m] Listening on Load/Save RF Kill Switch Status /dev/rfkill Watch.
[[0;32m  OK  [0m] Started AppArmor initialization.
         Starting Load AppArmor profiles managed internally by snapd...
         Starting Initial cloud-init job (pre-networking)...
         Mounting Arbitrary Executable File Formats File System...
[[0;32m  OK  [0m] Mounted Arbitrary Executable File Formats File System.
[[0;32m  OK  [0m] Started Load AppArmor profiles managed internally by snapd.
[    7.326186] cloud-init[606]: Cloud-init v. 23.1.2-0ubuntu0~18.04.1 running 'init-local' at Fri, 22 Dec 2023 07:15:44 +0000. Up 7.14 seconds.
[[0;32m  OK  [0m] Started Initial cloud-init job (pre-networking).
[[0;32m  OK  [0m] Reached target Network (Pre).
         Starting Network Service...
[[0;32m  OK  [0m] Started Network Service.
         Starting Network Name Resolution...
         Starting Wait for Network to be Configured...
[[0;32m  OK  [0m] Started Network Name Resolution.
[[0;32m  OK  [0m] Reached target Host and Network Name Lookups.
[[0;32m  OK  [0m] Reached target Network.
[[0;32m  OK  [0m] Started Wait for Network to be Configured.
         Starting Initial cloud-init job (metadata service crawler)...
[    9.686846] cloud-init[713]: Cloud-init v. 23.1.2-0ubuntu0~18.04.1 running 'init' at Fri, 22 Dec 2023 07:15:46 +0000. Up 9.56 seconds.
[    9.690882] cloud-init[713]: ci-info: ++++++++++++++++++++++++++++++++++++++Net device info+++++++++++++++++++++++++++++++++++++++
[    9.694324] cloud-init[713]: ci-info: +--------+------+-----------------------------+---------------+--------+-------------------+
[    9.697463] cloud-init[713]: ci-info: | Device |  Up  |           Address           |      Mask     | Scope  |     Hw-Address    |
[    9.701243] cloud-init[713]: ci-info: +--------+------+-----------------------------+---------------+--------+-------------------+
[    9.705599] cloud-init[713]: ci-info: | enp0s3 | True |          10.0.2.15          | 255.255.255.0 | global | 02:3b:7b:b7:3b:2d |
[    9.709539] cloud-init[713]: ci-info: | enp0s3 | True |  fe80::3b:7bff:feb7:3b2d/64 |       .       |  link  | 02:3b:7b:b7:3b:2d |
[    9.712819] cloud-init[713]: ci-info: | enp0s8 | True |        192.168.56.11        | 255.255.255.0 | global | 08:00:27:cd:2c:fc |
[    9.716234] cloud-init[713]: ci-info: | enp0s8 | True | fe80::a00:27ff:fecd:2cfc/64 |       .       |  link  | 08:00:27:cd:2c:fc |
[    9.719479] cloud-init[713]: ci-info: |   lo   | True |          127.0.0.1          |   255.0.0.0   |  host  |         .         |
[    9.722455] cloud-init[713]: ci-info: |   lo   | True |           ::1/128           |       .       |  host  |         .         |
[    9.725554] cloud-init[713]: ci-info: +--------+------+-----------------------------+---------------+--------+-------------------+
[    9.728498] cloud-init[713]: ci-info: +++++++++++++++++++++++++++++Route IPv4 info+++++++++++++++++++++++++++++
[    9.731083] cloud-init[713]: ci-info: +-------+--------------+----------+-----------------+-----------+-------+
[    9.733829] cloud-init[713]: ci-info: | Route | Destination  | Gateway  |     Genmask     | Interface | Flags |
[    9.736509] cloud-init[713]: ci-info: +-------+--------------+----------+-----------------+-----------+-------+
[    9.739413] cloud-init[713]: ci-info: |   0   |   0.0.0.0    | 10.0.2.2 |     0.0.0.0     |   enp0s3  |   UG  |
[    9.742231] cloud-init[713]: ci-info: |   1   |   10.0.2.0   | 0.0.0.0  |  255.255.255.0  |   enp0s3  |   U   |
[    9.745077] cloud-init[713]: ci-info: |   2   |   10.0.2.2   | 0.0.0.0  | 255.255.255.255 |   enp0s3  |   UH  |
[    9.747764] cloud-init[713]: ci-info: |   3   | 192.168.56.0 | 0.0.0.0  |  255.255.255.0  |   enp0s8  |   U   |
[    9.750544] cloud-init[713]: ci-info: +-------+--------------+----------+-----------------+-----------+-------+
[    9.753420] cloud-init[713]: ci-info: +++++++++++++++++++Route IPv6 info+++++++++++++++++++
[    9.755840] cloud-init[713]: ci-info: +-------+-------------+---------+-----------+-------+
[    9.758153] cloud-init[713]: ci-info: | Route | Destination | Gateway | Interface | Flags |
[    9.760409] cloud-init[713]: ci-info: +-------+-------------+---------+-----------+-------+
[    9.762632] cloud-init[713]: ci-info: |   1   |  fe80::/64  |    ::   |   enp0s8  |   U   |
[    9.765024] cloud-init[713]: ci-info: |   2   |  fe80::/64  |    ::   |   enp0s3  |   U   |
[    9.767297] cloud-init[713]: ci-info: |   4   |    local    |    ::   |   enp0s3  |   U   |
[    9.769640] cloud-init[713]: ci-info: |   5   |    local    |    ::   |   enp0s8  |   U   |
[    9.771944] cloud-init[713]: ci-info: |   6   |   ff00::/8  |    ::   |   enp0s8  |   U   |
[    9.774248] cloud-init[713]: ci-info: |   7   |   ff00::/8  |    ::   |   enp0s3  |   U   |
[    9.776779] cloud-init[713]: ci-info: +-------+-------------+---------+-----------+-------+
[[0;32m  OK  [0m] Started Initial cloud-init job (metadata service crawler).
[[0;32m  OK  [0m] Reached target Cloud-config availability.
[[0;32m  OK  [0m] Reached target System Initialization.
[[0;32m  OK  [0m] Started ACPI Events Check.
[[0;32m  OK  [0m] Listening on UUID daemon activation socket.
         Starting Socket activation for snappy daemon.
[[0;32m  OK  [0m] Started Message of the Day.
[[0;32m  OK  [0m] Listening on D-Bus System Message Bus Socket.
[[0;32m  OK  [0m] Listening on cloud-init hotplug hook socket.
[[0;32m  OK  [0m] Started Discard unused blocks once a week.
         Starting LXD - unix socket.
[[0;32m  OK  [0m] Started Daily Cleanup of Temporary Directories.
[[0;32m  OK  [0m] Started Daily apt download activities.
[[0;32m  OK  [0m] Started Daily apt upgrade and clean activities.
[[0;32m  OK  [0m] Reached target Timers.
[[0;32m  OK  [0m] Listening on ACPID Listen Socket.
[[0;32m  OK  [0m] Listening on Open-iSCSI iscsid Socket.
[[0;32m  OK  [0m] Reached target Paths.
[[0;32m  OK  [0m] Reached target Network is Online.
         Starting Availability of block devices...
[[0;32m  OK  [0m] Reached target Remote File Systems (Pre).
         Mounting /vagrant...
[[0;32m  OK  [0m] Listening on Socket activation for snappy daemon.
[[0;32m  OK  [0m] Listening on LXD - unix socket.
[[0;32m  OK  [0m] Reached target Sockets.
[[0;32m  OK  [0m] Reached target Basic System.
         Starting Accounts Service...
[[0;32m  OK  [0m] Started Deferred execution scheduler.
         Starting OpenBSD Secure Shell server...
[[0;32m  OK  [0m] Started irqbalance daemon.
[[0;32m  OK  [0m] Reached target Login Prompts (Pre).
         Starting LXD - container startup/shutdown...
         Starting Dispatcher daemon for systemd-networkd...
         Starting System Logging Service...
[[0;32m  OK  [0m] Started Regular background program processing daemon.
         Starting vboxadd.service...
         Starting LSB: Record successful boot for GRUB...
         Starting A high performance web server and a reverse proxy server...
[[0;32m  OK  [0m] Started FUSE filesystem for LXC.
[[0;32m  OK  [0m] Started D-Bus System Message Bus.
         Starting Login Service...
         Starting Snap Daemon...
[[0;32m  OK  [0m] Started System Logging Service.
[[0;32m  OK  [0m] Started Availability of block devices.
[[0;32m  OK  [0m] Started OpenBSD Secure Shell server.
[[0;1;31mFAILED[0m] Failed to mount /vagrant.
See 'systemctl status vagrant.mount' for details.
[[0;1;33mDEPEND[0m] Dependency failed for Remote File Systems.
         Starting Permit User Sessions...
         Starting LSB: automatic crash report generation...
[[0;32m  OK  [0m] Started Login Service.
[[0;32m  OK  [0m] Started Unattended Upgrades Shutdown.
[[0;32m  OK  [0m] Started Permit User Sessions.
         Starting Terminate Plymouth Boot Screen...
         Starting Hold until boot process finishes up...
         Starting Authorization Manager...
[[0;32m  OK  [0m] Started Hold until boot process finishes up.
         Starting Set console scheme...
[[0;32m  OK  [0m] Started Serial Getty on ttyS0.
[[0;32m  OK  [0m] Started Terminate Plymouth Boot Screen.
[[0;32m  OK  [0m] Started Set console scheme.
[[0;32m  OK  [0m] Created slice system-getty.slice.
[[0;32m  OK  [0m] Started Getty on tty1.
[[0;32m  OK  [0m] Reached target Login Prompts.
[[0;32m  OK  [0m] Started A high performance web server and a reverse proxy server.
[[0;32m  OK  [0m] Started Authorization Manager.
[[0;32m  OK  [0m] Started Accounts Service.
[[0;32m  OK  [0m] Started LSB: Record successful boot for GRUB.
[[0;32m  OK  [0m] Started LSB: automatic crash report generation.
[[0;32m  OK  [0m] Started LXD - container startup/shutdown.
[[0;32m  OK  [0m] Started Dispatcher daemon for systemd-networkd.
[[0;32m  OK  [0m] Started vboxadd.service.
         Starting vboxadd-service.service...
[[0;32m  OK  [0m] Started vboxadd-service.service.
[[0;32m  OK  [0m] Started Snap Daemon.
         Starting Wait until snapd is fully seeded...
         Starting Time & Date Service...
[[0;32m  OK  [0m] Started Time & Date Service.
[[0;32m  OK  [0m] Started Wait until snapd is fully seeded.
         Starting Apply the settings specified in cloud-config...
[[0;32m  OK  [0m] Created slice User Slice of vagrant.
         Starting User Manager for UID 1000...
[[0;32m  OK  [0m] Started Session 1 of user vagrant.
[[0;32m  OK  [0m] Started User Manager for UID 1000.
[   12.183645] cloud-init[1401]: Cloud-init v. 23.1.2-0ubuntu0~18.04.1 running 'modules:config' at Fri, 22 Dec 2023 07:15:49 +0000. Up 12.05 seconds.
[[0;32m  OK  [0m] Started Apply the settings specified in cloud-config.
[[0;32m  OK  [0m] Reached target Multi-User System.
[[0;32m  OK  [0m] Reached target Graphical Interface.
         Starting Execute cloud user/final scripts...
         Starting Update UTMP about System Runlevel Changes...
[[0;32m  OK  [0m] Started Update UTMP about System Runlevel Changes.
[   12.818222] cloud-init[1473]: Cloud-init v. 23.1.2-0ubuntu0~18.04.1 running 'modules:final' at Fri, 22 Dec 2023 07:15:49 +0000. Up 12.66 seconds.
[   12.823969] cloud-init[1473]: Cloud-init v. 23.1.2-0ubuntu0~18.04.1 finished at Fri, 22 Dec 2023 07:15:49 +0000. Datasource DataSourceNoCloud [seed=/dev/sdb][dsmode=net].  Up 12.80 seconds
[[0;32m  OK  [0m] Started Execute cloud user/final scripts.
[[0;32m  OK  [0m] Reached target Cloud-init target.

Ubuntu 18.04.6 LTS web01 ttyS0

web01 login: [[0;32m  OK  [0m] Closed Load/Save RF Kill Switch Status /dev/rfkill Watch.
         Unmounting /vagrant...
         Stopping Authorization Manager...
[[0;32m  OK  [0m] Stopped target Timers.
[[0;32m  OK  [0m] Stopped Message of the Day.
[[0;32m  OK  [0m] Stopped target Graphical Interface.
         Stopping Accounts Service...
[[0;32m  OK  [0m] Stopped Discard unused blocks once a week.
         Stopping Availability of block devices...
[[0;32m  OK  [0m] Stopped Daily Cleanup of Temporary Directories.
         Stopping User Manager for UID 1000...
         Stopping Session 7 of user vagrant.
[[0;32m  OK  [0m] Stopped target Cloud-init target.
[[0;32m  OK  [0m] Stopped Execute cloud user/final scripts.
[[0;32m  OK  [0m] Stopped target Multi-User System.
         Stopping LSB: automatic crash report generation...
         Stopping Regular background program processing daemon...
         Stopping D-Bus System Message Bus...
         Stopping Dispatcher daemon for systemd-networkd...
         Stopping Deferred execution scheduler...
         Stopping irqbalance daemon...
         Stopping LSB: Record successful boot for GRUB...
[[0;32m  OK  [0m] Stopped target Login Prompts.
         Stopping Serial Getty on ttyS0...
         Stopping Getty on tty1...
         Stopping OpenBSD Secure Shell server...
         Stopping LXD - container startup/shutdown...
[[0;32m  OK  [0m] Stopped Apply the settings specified in cloud-config.
[[0;32m  OK  [0m] Stopped Wait until snapd is fully seeded.
         Stopping A high performance web server and a reverse proxy server...
[[0;32m  OK  [0m] Stopped target Cloud-config availability.
[[0;32m  OK  [0m] Stopped target Host and Network Name Lookups.
[[0;32m  OK  [0m] Stopped Daily apt upgrade and clean activities.
[[0;32m  OK  [0m] Stopped Daily apt download activities.
         Stopping System Logging Service...
[[0;32m  OK  [0m] Stopped target System Time Synchronized.
         Stopping FUSE filesystem for LXC...
         Stopping vboxadd-service.service...
[[0;32m  OK  [0m] Stopped Deferred execution scheduler.
[[0;32m  OK  [0m] Stopped Accounts Service.
[[0;32m  OK  [0m] Stopped irqbalance daemon.
[[0;32m  OK  [0m] Stopped Regular background program processing daemon.
[[0;32m  OK  [0m] Unmounted /var/lib/lxcfs.
[[0;32m  OK  [0m] Stopped OpenBSD Secure Shell server.
[[0;32m  OK  [0m] Stopped Authorization Manager.
[[0;32m  OK  [0m] Stopped Serial Getty on ttyS0.
[[0;32m  OK  [0m] Stopped Getty on tty1.
[[0;32m  OK  [0m] Stopped System Logging Service.
[[0;32m  OK  [0m] Stopped User Manager for UID 1000.
[[0;32m  OK  [0m] Stopped Session 7 of user vagrant.
[[0;32m  OK  [0m] Removed slice User Slice of vagrant.
         Stopping Login Service...
[[0;32m  OK  [0m] Removed slice system-getty.slice.
         Stopping Permit User Sessions...
[[0;32m  OK  [0m] Stopped target Login Prompts (Pre).
[[0;32m  OK  [0m] Removed slice system-serial\x2dgetty.slice.
[[0;32m  OK  [0m] Stopped Dispatcher daemon for systemd-networkd.
[[0;32m  OK  [0m] Stopped D-Bus System Message Bus.
[[0;32m  OK  [0m] Stopped Permit User Sessions.
[[0;32m  OK  [0m] Stopped FUSE filesystem for LXC.
[[0;32m  OK  [0m] Stopped LXD - container startup/shutdown.
[[0;32m  OK  [0m] Stopped LSB: Record successful boot for GRUB.
[[0;32m  OK  [0m] Unmounted /vagrant.
[[0;32m  OK  [0m] Stopped target Remote File Systems (Pre).
[[0;32m  OK  [0m] Stopped target Network is Online.
[[0;32m  OK  [0m] Stopped A high performance web server and a reverse proxy server.
[[0;32m  OK  [0m] Stopped target Network.
         Stopping Network Name Resolution...
[[0;32m  OK  [0m] Stopped Availability of block devices.
[[0;32m  OK  [0m] Stopped LSB: automatic crash report generation.
[[0;32m  OK  [0m] Stopped vboxadd-service.service.
         Stopping vboxadd.service...
[[0;32m  OK  [0m] Stopped Network Name Resolution.
         Stopping Network Service...
[[0;32m  OK  [0m] Stopped Login Service.
[[0;32m  OK  [0m] Stopped target User and Group Name Lookups.
[[0;32m  OK  [0m] Stopped Network Service.
[[0;32m  OK  [0m] Stopped target Network (Pre).
[[0;32m  OK  [0m] Stopped vboxadd.service.
[[0;32m  OK  [0m] Stopped target Basic System.
[[0;32m  OK  [0m] Stopped target Paths.
[[0;32m  OK  [0m] Stopped ACPI Events Check.
[[0;32m  OK  [0m] Stopped target Slices.
[[0;32m  OK  [0m] Removed slice User and Session Slice.
[[0;32m  OK  [0m] Stopped target Sockets.
[[0;32m  OK  [0m] Closed ACPID Listen Socket.
[[0;32m  OK  [0m] Closed cloud-init hotplug hook socket.
[[0;32m  OK  [0m] Closed Socket activation for snappy daemon.
[[0;32m  OK  [0m] Closed D-Bus System Message Bus Socket.
[[0;32m  OK  [0m] Closed UUID daemon activation socket.
[[0;32m  OK  [0m] Closed Syslog Socket.
[[0;32m  OK  [0m] Closed Open-iSCSI iscsid Socket.
[[0;32m  OK  [0m] Closed LXD - unix socket.
[[0;32m  OK  [0m] Stopped target System Initialization.
         Stopping Update UTMP about System Boot/Shutdown...
[[0;32m  OK  [0m] Stopped Initial cloud-init job (metadata service crawler).
         Stopping Load/Save Random Seed...
[[0;32m  OK  [0m] Stopped Apply Kernel Variables.
[[0;32m  OK  [0m] Stopped Load Kernel Modules.
[[0;32m  OK  [0m] Stopped target Local Encrypted Volumes.
[[0;32m  OK  [0m] Stopped Forward Password Requests to Wall Directory Watch.
[[0;32m  OK  [0m] Stopped Dispatch Password Requests to Console Directory Watch.
[[0;32m  OK  [0m] Stopped Initial cloud-init job (pre-networking).
[[0;32m  OK  [0m] Stopped Update UTMP about System Boot/Shutdown.
[[0;32m  OK  [0m] Stopped Create Volatile Files and Directories.
[[0;32m  OK  [0m] Stopped target Local File Systems.
         Unmounting /run/user/1000...
[[0;32m  OK  [0m] Stopped target Mounted snaps.
[[0;32m  OK  [0m] Stopped target Mounting snaps.
[[0;32m  OK  [0m] Stopped Load/Save Random Seed.
[[0;32m  OK  [0m] Unmounted /run/user/1000.
[[0;32m  OK  [0m] Reached target Unmount All Filesystems.
[[0;32m  OK  [0m] Stopped target Local File Systems (Pre).
[[0;32m  OK  [0m] Stopped Create Static Device Nodes in /dev.
[[0;32m  OK  [0m] Stopped Remount Root and Kernel File Systems.
         Stopping Monitoring of LVM2 mirrors…ng dmeventd or progress polling...
[[0;32m  OK  [0m] Stopped target Swap.
[[0;32m  OK  [0m] Reached target Shutdown.
[[0;32m  OK  [0m] Reached target Final Step.
         Starting Power-Off...
[ 9717.491718] reboot: Power down
